<?xml version="1.0" encoding="UTF-8"?>
<testsuite name="org.example.BoardTest" tests="3" skipped="0" failures="0" errors="0" timestamp="2023-03-02T17:38:30" hostname="LAPTOP-69CBV319" time="0.026">
  <properties/>
  <testcase name="newIncorrectBoardTest()" classname="org.example.BoardTest" time="0.019"/>
  <testcase name="newCorrectBoardTest()" classname="org.example.BoardTest" time="0.001"/>
  <testcase name="placingCorrectlyShipTest()" classname="org.example.BoardTest" time="0.004"/>
  <system-out><![CDATA[X X X O O O O O O O 
O O O O O O O O O O 
O O O O O O O O O O 
O O O O O O O O O O 
O O O O O O O O O O 
O O O O O O O O O O 
O O O O O O O O O O 
O O O O O O O O O O 
O O O O O O O O O O 
O O O O O O O O O O 

]]></system-out>
  <system-err><![CDATA[]]></system-err>
</testsuite>
