<?xml version="1.0" encoding="UTF-8"?>
<testsuite name="org.example.BoardTest" tests="1" skipped="0" failures="0" errors="0" timestamp="2023-03-03T12:33:05" hostname="LAPTOP-69CBV319" time="0.019">
  <properties/>
  <testcase name="placingCorrectlyOneShipTest()" classname="org.example.BoardTest" time="0.019"/>
  <system-out><![CDATA[X X X O O O O O O O 
O O O O O O O O O O 
O O O O O O O O O O 
O O O O O O O O O O 
O O O O O O O O O O 
O O O O O O O O O O 
O O O O O O O O O O 
O O O O O O O O O O 
O O O O O O O O O O 
O O O O O O O O O O 

]]></system-out>
  <system-err><![CDATA[]]></system-err>
</testsuite>
