<?xml version="1.0" encoding="UTF-8"?>
<testsuite name="org.example.BattleshipGameTest" tests="1" skipped="0" failures="0" errors="0" timestamp="2023-03-05T17:59:01" hostname="LAPTOP-69CBV319" time="0.018">
  <properties/>
  <testcase name="automaticDeploymentFieldsTest()" classname="org.example.BattleshipGameTest" time="0.018"/>
  <system-out><![CDATA[]]></system-out>
  <system-err><![CDATA[]]></system-err>
</testsuite>
