<?xml version="1.0" encoding="UTF-8"?>
<testsuite name="org.example.BoardTest" tests="2" skipped="0" failures="0" errors="0" timestamp="2023-03-02T15:29:34" hostname="LAPTOP-69CBV319" time="0.053">
  <properties/>
  <testcase name="newIncorrectBoardTest()" classname="org.example.BoardTest" time="0.048"/>
  <testcase name="newCorrectBoardTest()" classname="org.example.BoardTest" time="0.003"/>
  <system-out><![CDATA[]]></system-out>
  <system-err><![CDATA[]]></system-err>
</testsuite>
